== TEST (2019-03-14 19:03:34) 
-- CODE:
print(round(250/6)
-- ERROR:
File "XXXX", line 2
    
                      ^
SyntaxError: unexpected EOF while parsing
*-*-*-*-*-*-*-*-*-*-*-*-*-*-*-*-*-*-*-*-*-*-*-*
== TEST (2019-03-14 19:03:44) 
-- CODE:
print(round(250/6))
-- OUTPUT:
42
*-*-*-*-*-*-*-*-*-*-*-*-*-*-*-*-*-*-*-*-*-*-*-*
== SUBMITION (2019-03-14 19:03:46) 
-- CODE:
print(round(250/6))
-- EXECUTION TIME:
0.144093
-- TEST CASE 1:
---- input:
xxx
---- correct output:
41.67
---- user output:
42
-- GRADE:
0%
*-*-*-*-*-*-*-*-*-*-*-*-*-*-*-*-*-*-*-*-*-*-*-*
== SUBMITION (2019-03-14 19:04:10) 
-- CODE:
print(round(250/6.0))
-- EXECUTION TIME:
0.204539
-- TEST CASE 1:
---- input:
xxx
---- correct output:
41.67
---- user output:
42
-- GRADE:
0%
*-*-*-*-*-*-*-*-*-*-*-*-*-*-*-*-*-*-*-*-*-*-*-*
== TEST (2019-03-14 19:04:11) 
-- CODE:
print(round(250/6.0))
-- OUTPUT:
42
*-*-*-*-*-*-*-*-*-*-*-*-*-*-*-*-*-*-*-*-*-*-*-*
== SUBMITION (2019-03-14 19:04:13) 
-- CODE:
print(round(250/6.0))
-- EXECUTION TIME:
0.167172
-- TEST CASE 1:
---- input:
xxx
---- correct output:
41.67
---- user output:
42
-- GRADE:
0%
*-*-*-*-*-*-*-*-*-*-*-*-*-*-*-*-*-*-*-*-*-*-*-*
== TEST (2019-03-14 19:04:14) 
-- CODE:
print(round(250/6.0))
-- OUTPUT:
42
*-*-*-*-*-*-*-*-*-*-*-*-*-*-*-*-*-*-*-*-*-*-*-*
== TEST (2019-03-14 19:05:01) 
-- CODE:
print(250.00/6)
round()
-- ERROR:
Traceback (most recent call last):
  File "XXXX", line 2, in <module>
    round()
TypeError: Required argument 'number' (pos 1) not found
*-*-*-*-*-*-*-*-*-*-*-*-*-*-*-*-*-*-*-*-*-*-*-*
== TEST (2019-03-14 19:05:38) 
-- CODE:
print(250.00/6)
round(print)
-- ERROR:
Traceback (most recent call last):
  File "XXXX", line 2, in <module>
    round(print)
TypeError: type builtin_function_or_method doesn't define __round__ method
*-*-*-*-*-*-*-*-*-*-*-*-*-*-*-*-*-*-*-*-*-*-*-*
== TEST (2019-03-14 19:05:54) 
-- CODE:
print(round 250/6)

-- ERROR:
File "XXXX", line 1
    print(round 250/6)
                  ^
SyntaxError: invalid syntax
*-*-*-*-*-*-*-*-*-*-*-*-*-*-*-*-*-*-*-*-*-*-*-*
== TEST (2019-03-14 19:06:45) 
-- CODE:
print(round 250/6) 

-- ERROR:
File "XXXX", line 1
    print(round 250/6) 
                  ^
SyntaxError: invalid syntax
*-*-*-*-*-*-*-*-*-*-*-*-*-*-*-*-*-*-*-*-*-*-*-*
== TEST (2019-03-14 19:06:47) 
-- CODE:
print(round 250/6) 

-- ERROR:
File "XXXX", line 1
    print(round 250/6) 
                  ^
SyntaxError: invalid syntax
*-*-*-*-*-*-*-*-*-*-*-*-*-*-*-*-*-*-*-*-*-*-*-*
== TEST (2019-03-14 19:07:08) 
-- CODE:
print (250/6) 

-- OUTPUT:
41.666666666666664
*-*-*-*-*-*-*-*-*-*-*-*-*-*-*-*-*-*-*-*-*-*-*-*
== TEST (2019-03-14 19:07:22) 
-- CODE:
print (250/6) 
round (41.6)
-- OUTPUT:
41.666666666666664
*-*-*-*-*-*-*-*-*-*-*-*-*-*-*-*-*-*-*-*-*-*-*-*
== TEST (2019-03-14 19:08:56) 
-- CODE:
print ( round (250.00/6))
-- OUTPUT:
42
*-*-*-*-*-*-*-*-*-*-*-*-*-*-*-*-*-*-*-*-*-*-*-*
== SUBMITION (2019-03-14 19:08:58) 
-- CODE:
print ( round (250.00/6))
-- EXECUTION TIME:
0.164571
-- TEST CASE 1:
---- input:
xxx
---- correct output:
41.67
---- user output:
42
-- GRADE:
0%
*-*-*-*-*-*-*-*-*-*-*-*-*-*-*-*-*-*-*-*-*-*-*-*
== TEST (2019-03-14 19:09:11) 
-- CODE:
print 250.00/6)
-- ERROR:
File "XXXX", line 1
    print 250.00/6)
               ^
SyntaxError: Missing parentheses in call to 'print'. Did you mean print(250.00/6))?
*-*-*-*-*-*-*-*-*-*-*-*-*-*-*-*-*-*-*-*-*-*-*-*
== TEST (2019-03-14 19:09:17) 
-- CODE:
print(250.00/6)
-- OUTPUT:
41.666666666666664
*-*-*-*-*-*-*-*-*-*-*-*-*-*-*-*-*-*-*-*-*-*-*-*
== SUBMITION (2019-03-14 19:09:18) 
-- CODE:
print(250.00/6)
-- EXECUTION TIME:
0.176353
-- TEST CASE 1:
---- input:
xxx
---- correct output:
41.67
---- user output:
41.666666666666664
-- GRADE:
0%
*-*-*-*-*-*-*-*-*-*-*-*-*-*-*-*-*-*-*-*-*-*-*-*
== TEST (2019-03-14 19:09:25) 
-- CODE:
print(250/6)
-- OUTPUT:
41.666666666666664
*-*-*-*-*-*-*-*-*-*-*-*-*-*-*-*-*-*-*-*-*-*-*-*
== SUBMITION (2019-03-14 19:09:26) 
-- CODE:
print(250/6)
-- EXECUTION TIME:
0.142227
-- TEST CASE 1:
---- input:
xxx
---- correct output:
41.67
---- user output:
41.666666666666664
-- GRADE:
0%
*-*-*-*-*-*-*-*-*-*-*-*-*-*-*-*-*-*-*-*-*-*-*-*
== TEST (2019-03-14 19:09:27) 
-- CODE:
print(250/6)
-- OUTPUT:
41.666666666666664
*-*-*-*-*-*-*-*-*-*-*-*-*-*-*-*-*-*-*-*-*-*-*-*
== TEST (2019-03-14 19:09:41) 
-- CODE:
round (print(250/6)
-- ERROR:
File "XXXX", line 2
    
                       ^
SyntaxError: unexpected EOF while parsing
*-*-*-*-*-*-*-*-*-*-*-*-*-*-*-*-*-*-*-*-*-*-*-*
== SUBMITION (2019-03-14 19:09:42) 
-- CODE:
round (print(250/6)
-- EXECUTION TIME:
0.188368
-- ERROR:
  File "/home/codebench/codes/1577/1330/main.py", line 2
    
                       ^
SyntaxError: unexpected EOF while parsing

*-*-*-*-*-*-*-*-*-*-*-*-*-*-*-*-*-*-*-*-*-*-*-*
== TEST (2019-03-14 19:09:43) 
-- CODE:
round (print(250/6)
-- ERROR:
File "XXXX", line 2
    
                       ^
SyntaxError: unexpected EOF while parsing
*-*-*-*-*-*-*-*-*-*-*-*-*-*-*-*-*-*-*-*-*-*-*-*
== TEST (2019-03-14 19:09:49) 
-- CODE:
round (print(250/6))
-- ERROR:
Traceback (most recent call last):
  File "XXXX", line 1, in <module>
    round (print(250/6))
TypeError: type NoneType doesn't define __round__ method
*-*-*-*-*-*-*-*-*-*-*-*-*-*-*-*-*-*-*-*-*-*-*-*
== SUBMITION (2019-03-14 19:09:50) 
-- CODE:
round (print(250/6))
-- EXECUTION TIME:
0.168692
-- ERROR:
Traceback (most recent call last):
  File "/home/codebench/codes/1577/1330/main.py", line 1, in <module>
    round (print(250/6))
TypeError: type NoneType doesn't define __round__ method

*-*-*-*-*-*-*-*-*-*-*-*-*-*-*-*-*-*-*-*-*-*-*-*
== TEST (2019-03-14 19:12:19) 
-- CODE:
print(round(250/6, 2))
-- OUTPUT:
41.67
*-*-*-*-*-*-*-*-*-*-*-*-*-*-*-*-*-*-*-*-*-*-*-*
== SUBMITION (2019-03-14 19:12:21) 
-- CODE:
print(round(250/6, 2))
-- EXECUTION TIME:
0.304638
-- TEST CASE 1:
---- input:
xxx
---- correct output:
41.67
---- user output:
41.67
-- GRADE:
100%
*-*-*-*-*-*-*-*-*-*-*-*-*-*-*-*-*-*-*-*-*-*-*-*
