== TEST (2019-03-31 23:42:03) 
-- CODE:
# Teste seu codigo aos poucos.
# Nao teste tudo no final, pois fica mais dificil de identificar erros.
# Nao se intimide com as mensagens de erro. Elas ajudam a corrigir seu codigo.
print(Teste seu codigo aos poucos.lower())
-- ERROR:
File "XXXX", line 4
    print(Teste seu codigo aos poucos.lower())
                  ^
SyntaxError: invalid syntax
*-*-*-*-*-*-*-*-*-*-*-*-*-*-*-*-*-*-*-*-*-*-*-*
== TEST (2019-03-31 23:42:42) 
-- CODE:
# Teste seu codigo aos poucos.
# Nao teste tudo no final, pois fica mais dificil de identificar erros.
# Nao se intimide com as mensagens de erro. Elas ajudam a corrigir seu codigo.
print(BATMAN.lower())
-- ERROR:
Traceback (most recent call last):
  File "XXXX", line 4, in <module>
    print(BATMAN.lower())
NameError: name 'BATMAN' is not defined
*-*-*-*-*-*-*-*-*-*-*-*-*-*-*-*-*-*-*-*-*-*-*-*
== TEST (2019-03-31 23:43:06) 
-- CODE:
# Teste seu codigo aos poucos.
# Nao teste tudo no final, pois fica mais dificil de identificar erros.
# Nao se intimide com as mensagens de erro. Elas ajudam a corrigir seu codigo.
print(Batman.lower())
-- ERROR:
Traceback (most recent call last):
  File "XXXX", line 4, in <module>
    print(Batman.lower())
NameError: name 'Batman' is not defined
*-*-*-*-*-*-*-*-*-*-*-*-*-*-*-*-*-*-*-*-*-*-*-*
== TEST (2019-03-31 23:43:56) 
-- CODE:
# Teste seu codigo aos poucos.
# Nao teste tudo no final, pois fica mais dificil de identificar erros.
# Nao se intimide com as mensagens de erro. Elas ajudam a corrigir seu codigo.
print(Estou Aprendendo Python.lower())
-- ERROR:
File "XXXX", line 4
    print(Estou Aprendendo Python.lower())
                         ^
SyntaxError: invalid syntax
*-*-*-*-*-*-*-*-*-*-*-*-*-*-*-*-*-*-*-*-*-*-*-*
