== TEST (2019-03-12 17:43:29) 
-- CODE:
print(250/6)
-- OUTPUT:
41.666666666666664
*-*-*-*-*-*-*-*-*-*-*-*-*-*-*-*-*-*-*-*-*-*-*-*
== SUBMITION (2019-03-12 17:43:32) 
-- CODE:
print(250/6)
-- EXECUTION TIME:
0.1395
-- TEST CASE 1:
---- input:
xxx
---- correct output:
41.67
---- user output:
41.666666666666664
-- GRADE:
0%
*-*-*-*-*-*-*-*-*-*-*-*-*-*-*-*-*-*-*-*-*-*-*-*
== TEST (2019-03-12 17:43:58) 
-- CODE:
round(250/6)
-- OUTPUT:
41.666666666666664
*-*-*-*-*-*-*-*-*-*-*-*-*-*-*-*-*-*-*-*-*-*-*-*
== SUBMITION (2019-03-12 17:44:01) 
-- CODE:
round(250/6)
-- EXECUTION TIME:
0.130814
-- TEST CASE 1:
---- input:
xxx
---- correct output:
41.67
---- user output:

-- GRADE:
0%
*-*-*-*-*-*-*-*-*-*-*-*-*-*-*-*-*-*-*-*-*-*-*-*
== TEST (2019-03-12 17:44:18) 
-- CODE:
printround(250/6)
-- ERROR:
Traceback (most recent call last):
  File "XXXX", line 1, in <module>
    printround(250/6)
NameError: name 'printround' is not defined
*-*-*-*-*-*-*-*-*-*-*-*-*-*-*-*-*-*-*-*-*-*-*-*
== TEST (2019-03-12 17:44:25) 
-- CODE:
print.round(250/6)
-- ERROR:
Traceback (most recent call last):
  File "XXXX", line 1, in <module>
    print.round(250/6)
AttributeError: 'builtin_function_or_method' object has no attribute 'round'
*-*-*-*-*-*-*-*-*-*-*-*-*-*-*-*-*-*-*-*-*-*-*-*
== TEST (2019-03-12 17:45:07) 
-- CODE:
print(round(250/6,2))
-- OUTPUT:
41.67
*-*-*-*-*-*-*-*-*-*-*-*-*-*-*-*-*-*-*-*-*-*-*-*
== SUBMITION (2019-03-12 17:45:10) 
-- CODE:
print(round(250/6,2))
-- EXECUTION TIME:
0.147339
-- TEST CASE 1:
---- input:
xxx
---- correct output:
41.67
---- user output:
41.67
-- GRADE:
100%
*-*-*-*-*-*-*-*-*-*-*-*-*-*-*-*-*-*-*-*-*-*-*-*
