== SUBMITION (2019-03-11 15:03:43) 
-- CODE:
printf(40+35)
-- EXECUTION TIME:
0.178246
-- ERROR:
Traceback (most recent call last):
  File "/home/codebench/codes/1573/1326/main.py", line 1, in <module>
    printf(40+35)
NameError: name 'printf' is not defined

*-*-*-*-*-*-*-*-*-*-*-*-*-*-*-*-*-*-*-*-*-*-*-*
== SUBMITION (2019-03-11 15:04:00) 
-- CODE:
printf("40+35")
-- EXECUTION TIME:
0.179939
-- ERROR:
Traceback (most recent call last):
  File "/home/codebench/codes/1573/1326/main.py", line 1, in <module>
    printf("40+35")
NameError: name 'printf' is not defined

*-*-*-*-*-*-*-*-*-*-*-*-*-*-*-*-*-*-*-*-*-*-*-*
== SUBMITION (2019-03-11 15:04:13) 
-- CODE:
print(40+35)
-- EXECUTION TIME:
0.143429
-- TEST CASE 1:
---- input:
xx
---- correct output:
75
---- user output:
75
-- GRADE:
100%
*-*-*-*-*-*-*-*-*-*-*-*-*-*-*-*-*-*-*-*-*-*-*-*
